<?xml version="1.0" encoding="UTF-8"?>
<!-- Generated by org.testng.reporters.JUnitXMLReporter -->
<testsuite ignored="4" hostname="hp-H310B" failures="0" tests="1" name="Default test" time="8.096" errors="0" timestamp="2024-12-04T12:01:43 IST">
  <testcase classname="com.aurelius.authentication.TestLoginPage" name="VerifyTheUserShouldLogginWithValidCredentials" time="6.576"/>
  <testcase classname="com.aurelius.authentication.TestLoginPage" name="VerifyThatShowProperErrorMsgAfterEnteringTheInvalidEmail" time="0.0">
    <ignored/>
  </testcase> <!-- VerifyThatShowProperErrorMsgAfterEnteringTheInvalidEmail -->
  <testcase classname="com.aurelius.authentication.TestLoginPage" name="VerifyTheUserShouldNotLoginWithInValidCredentials" time="0.0">
    <ignored/>
  </testcase> <!-- VerifyTheUserShouldNotLoginWithInValidCredentials -->
  <testcase classname="com.aurelius.authentication.TestLoginPage" name="test" time="0.0">
    <ignored/>
  </testcase> <!-- test -->
  <testcase classname="com.aurelius.authentication.TestLoginPage" name="VerifyThatIfUserIsNotRegister" time="0.0">
    <ignored/>
  </testcase> <!-- VerifyThatIfUserIsNotRegister -->
</testsuite> <!-- Default test -->
