<?xml version="1.0" encoding="UTF-8"?>
<testng-results ignored="0" total="1" passed="1" failed="0" skipped="0">
  <reporter-output>
  </reporter-output>
  <suite started-at="2024-12-04T12:01:35 IST" name="Default suite" finished-at="2024-12-04T12:01:43 IST" duration-ms="8096">
    <groups>
    </groups>
    <test started-at="2024-12-04T12:01:35 IST" name="Default test" finished-at="2024-12-04T12:01:43 IST" duration-ms="8096">
      <class name="com.aurelius.authentication.TestLoginPage">
        <test-method is-config="true" signature="start_browser()[pri:0, instance:com.aurelius.authentication.TestLoginPage@6aba2b86]" started-at="2024-12-04T12:01:35 IST" name="start_browser" finished-at="2024-12-04T12:01:36 IST" duration-ms="1353" status="PASS">
          <reporter-output>
          </reporter-output>
        </test-method> <!-- start_browser -->
        <test-method signature="VerifyTheUserShouldLogginWithValidCredentials()[pri:0, instance:com.aurelius.authentication.TestLoginPage@6aba2b86]" started-at="2024-12-04T12:01:36 IST" name="VerifyTheUserShouldLogginWithValidCredentials" finished-at="2024-12-04T12:01:43 IST" duration-ms="6576" status="PASS">
          <reporter-output>
          </reporter-output>
        </test-method> <!-- VerifyTheUserShouldLogginWithValidCredentials -->
        <test-method is-config="true" signature="close_browser()[pri:0, instance:com.aurelius.authentication.TestLoginPage@6aba2b86]" started-at="2024-12-04T12:01:43 IST" name="close_browser" finished-at="2024-12-04T12:01:43 IST" duration-ms="133" status="PASS">
          <reporter-output>
          </reporter-output>
        </test-method> <!-- close_browser -->
      </class> <!-- com.aurelius.authentication.TestLoginPage -->
    </test> <!-- Default test -->
  </suite> <!-- Default suite -->
</testng-results>
